0 info it worked if it ends with ok
1 verbose cli [ '/usr/local/bin/node', '/usr/local/bin/npm', 'run', 'serve' ]
2 info using npm@3.3.4
3 info using node@v4.0.0
4 verbose run-script [ 'preserve', 'serve', 'postserve' ]
5 info lifecycle sunnysingh@1.0.0~preserve: sunnysingh@1.0.0
6 silly lifecycle sunnysingh@1.0.0~preserve: no script for preserve, continuing
7 info lifecycle sunnysingh@1.0.0~serve: sunnysingh@1.0.0
8 verbose lifecycle sunnysingh@1.0.0~serve: unsafe-perm in lifecycle true
9 verbose lifecycle sunnysingh@1.0.0~serve: PATH: /usr/local/lib/node_modules/npm/bin/node-gyp-bin:/Users/sunny/Web/Projects/sunnysingh/node_modules/.bin:/usr/local/bin:/usr/bin:/bin:/usr/sbin:/sbin:/opt/X11/bin
10 verbose lifecycle sunnysingh@1.0.0~serve: CWD: /Users/sunny/Web/Projects/sunnysingh
11 silly lifecycle sunnysingh@1.0.0~serve: Args: [ '-c', 'node build --watch' ]
12 silly lifecycle sunnysingh@1.0.0~serve: Returned: code: 1  signal: null
13 info lifecycle sunnysingh@1.0.0~serve: Failed to exec serve script
14 verbose stack Error: sunnysingh@1.0.0 serve: `node build --watch`
14 verbose stack Exit status 1
14 verbose stack     at EventEmitter.<anonymous> (/usr/local/lib/node_modules/npm/lib/utils/lifecycle.js:233:16)
14 verbose stack     at emitTwo (events.js:87:13)
14 verbose stack     at EventEmitter.emit (events.js:172:7)
14 verbose stack     at ChildProcess.<anonymous> (/usr/local/lib/node_modules/npm/lib/utils/spawn.js:24:14)
14 verbose stack     at emitTwo (events.js:87:13)
14 verbose stack     at ChildProcess.emit (events.js:172:7)
14 verbose stack     at maybeClose (internal/child_process.js:817:16)
14 verbose stack     at Process.ChildProcess._handle.onexit (internal/child_process.js:211:5)
15 verbose pkgid sunnysingh@1.0.0
16 verbose cwd /Users/sunny/Web/Projects/sunnysingh
17 error Darwin 15.2.0
18 error argv "/usr/local/bin/node" "/usr/local/bin/npm" "run" "serve"
19 error node v4.0.0
20 error npm  v3.3.4
21 error code ELIFECYCLE
22 error sunnysingh@1.0.0 serve: `node build --watch`
22 error Exit status 1
23 error Failed at the sunnysingh@1.0.0 serve script 'node build --watch'.
23 error This is most likely a problem with the sunnysingh package,
23 error not with npm itself.
23 error Tell the author that this fails on your system:
23 error     node build --watch
23 error You can get their info via:
23 error     npm owner ls sunnysingh
23 error There is likely additional logging output above.
24 verbose exit [ 1, true ]
